<?xml version="1.0" encoding="UTF-8" standalone="no"?><testsuite errors="0" failures="1" name="Flight Purchase" skipped="0" tests="2" time="30.14" timestamp="2025-11-19 02:04:33"><testcase name="Successful flight purchase"/><testcase name="Flight purchase with invalid fields"><failure message="&#10;Expected: is &lt;true&gt;&#10;     but: was &lt;false&gt;" type="java.lang.AssertionError">
Expected: is &lt;true&gt;
     but: was &lt;false&gt;</failure><system-err>
Expected: is &lt;true&gt;
     but: was &lt;false&gt;&#13;
co.com.taller.automat.blazedemo.stepdefinitions.FlightPurchaseStepDefinition.iCanSeeAnErrorMessageAndTheTripIsNotBooked(FlightPurchaseStepDefinition.java:83)&#13;
worker.org.gradle.process.internal.worker.GradleWorkerMain.run(GradleWorkerMain.java:69)&#13;
worker.org.gradle.process.internal.worker.GradleWorkerMain.main(GradleWorkerMain.java:74)&#13;
</system-err></testcase></testsuite>